<?xml version="1.0" encoding="UTF-8"?>
<coverage generated="1715546797159" clover="3.2.0">
  <project timestamp="1715546797159" name="All files">
    <metrics statements="8" coveredstatements="8" conditionals="0" coveredconditionals="0" methods="6" coveredmethods="6" elements="14" coveredelements="14" complexity="0" loc="8" ncloc="8" packages="2" files="4" classes="4"/>
    <package name="TestIt">
      <metrics statements="2" coveredstatements="2" conditionals="0" coveredconditionals="0" methods="3" coveredmethods="3"/>
      <file name="thresh_sort.js" path="C:\Users\15516\CSCI_310\TestIt\TestIt\thresh_sort.js">
        <metrics statements="2" coveredstatements="2" conditionals="0" coveredconditionals="0" methods="3" coveredmethods="3"/>
        <line num="4" count="25" type="stmt"/>
        <line num="7" count="1" type="stmt"/>
      </file>
    </package>
    <package name="TestIt.js">
      <metrics statements="6" coveredstatements="6" conditionals="0" coveredconditionals="0" methods="3" coveredmethods="3"/>
      <file name="cloneArray.js" path="C:\Users\15516\CSCI_310\TestIt\TestIt\js\cloneArray.js">
        <metrics statements="2" coveredstatements="2" conditionals="0" coveredconditionals="0" methods="1" coveredmethods="1"/>
        <line num="3" count="2" type="stmt"/>
        <line num="6" count="1" type="stmt"/>
      </file>
      <file name="subtract.js" path="C:\Users\15516\CSCI_310\TestIt\TestIt\js\subtract.js">
        <metrics statements="2" coveredstatements="2" conditionals="0" coveredconditionals="0" methods="1" coveredmethods="1"/>
        <line num="3" count="1" type="stmt"/>
        <line num="6" count="1" type="stmt"/>
      </file>
      <file name="sum.js" path="C:\Users\15516\CSCI_310\TestIt\TestIt\js\sum.js">
        <metrics statements="2" coveredstatements="2" conditionals="0" coveredconditionals="0" methods="1" coveredmethods="1"/>
        <line num="3" count="1" type="stmt"/>
        <line num="6" count="1" type="stmt"/>
      </file>
    </package>
  </project>
</coverage>
