{"C:\\Users\\15516\\CSCI_310\\TestIt\\TestIt\\thresh_sort.js": {"path":"C:\\Users\\15516\\CSCI_310\\TestIt\\TestIt\\thresh_sort.js","statementMap":{"0":{"start":{"line":4,"column":4},"end":{"line":4,"column":81}},"1":{"start":{"line":4,"column":31},"end":{"line":4,"column":57}},"2":{"start":{"line":4,"column":74},"end":{"line":4,"column":79}},"3":{"start":{"line":7,"column":0},"end":{"line":7,"column":29}}},"fnMap":{"0":{"name":"thresh_sort","decl":{"start":{"line":2,"column":9},"end":{"line":2,"column":20}},"loc":{"start":{"line":2,"column":40},"end":{"line":5,"column":1}},"line":2},"1":{"name":"(anonymous_1)","decl":{"start":{"line":4,"column":22},"end":{"line":4,"column":23}},"loc":{"start":{"line":4,"column":31},"end":{"line":4,"column":57}},"line":4},"2":{"name":"(anonymous_2)","decl":{"start":{"line":4,"column":64},"end":{"line":4,"column":65}},"loc":{"start":{"line":4,"column":74},"end":{"line":4,"column":79}},"line":4}},"branchMap":{},"s":{"0":6,"1":25,"2":23,"3":1},"f":{"0":6,"1":25,"2":23},"b":{},"_coverageSchema":"1a1c01bbd47fc00a2c39e90264f33305004495a9","hash":"8136366761c98884cec175fdbbcdad821737541a"}
,"C:\\Users\\15516\\CSCI_310\\TestIt\\TestIt\\js\\cloneArray.js": {"path":"C:\\Users\\15516\\CSCI_310\\TestIt\\TestIt\\js\\cloneArray.js","statementMap":{"0":{"start":{"line":3,"column":4},"end":{"line":3,"column":22}},"1":{"start":{"line":6,"column":0},"end":{"line":6,"column":28}}},"fnMap":{"0":{"name":"cloneArray","decl":{"start":{"line":2,"column":9},"end":{"line":2,"column":19}},"loc":{"start":{"line":2,"column":27},"end":{"line":4,"column":1}},"line":2}},"branchMap":{},"s":{"0":2,"1":1},"f":{"0":2},"b":{},"_coverageSchema":"1a1c01bbd47fc00a2c39e90264f33305004495a9","hash":"9b4d23520fe4fa725dc3fe165fa9cd2441245aac"}
,"C:\\Users\\15516\\CSCI_310\\TestIt\\TestIt\\js\\subtract.js": {"path":"C:\\Users\\15516\\CSCI_310\\TestIt\\TestIt\\js\\subtract.js","statementMap":{"0":{"start":{"line":3,"column":2},"end":{"line":3,"column":15}},"1":{"start":{"line":6,"column":0},"end":{"line":6,"column":26}}},"fnMap":{"0":{"name":"subtract","decl":{"start":{"line":2,"column":9},"end":{"line":2,"column":17}},"loc":{"start":{"line":2,"column":24},"end":{"line":4,"column":1}},"line":2}},"branchMap":{},"s":{"0":1,"1":1},"f":{"0":1},"b":{},"_coverageSchema":"1a1c01bbd47fc00a2c39e90264f33305004495a9","hash":"1e6fc361bbfe5a09487c2aa3e35a55a8bcf8460f"}
,"C:\\Users\\15516\\CSCI_310\\TestIt\\TestIt\\js\\sum.js": {"path":"C:\\Users\\15516\\CSCI_310\\TestIt\\TestIt\\js\\sum.js","statementMap":{"0":{"start":{"line":3,"column":2},"end":{"line":3,"column":15}},"1":{"start":{"line":6,"column":0},"end":{"line":6,"column":21}}},"fnMap":{"0":{"name":"sum","decl":{"start":{"line":2,"column":9},"end":{"line":2,"column":12}},"loc":{"start":{"line":2,"column":19},"end":{"line":4,"column":1}},"line":2}},"branchMap":{},"s":{"0":1,"1":1},"f":{"0":1},"b":{},"_coverageSchema":"1a1c01bbd47fc00a2c39e90264f33305004495a9","hash":"3255c927bdefdc9478a1e7052cbdac8c4c1d7adb"}
}
