TN:
SF:thresh_sort.js
FN:2,thresh_sort
FN:4,(anonymous_1)
FN:4,(anonymous_2)
FNF:3
FNH:3
FNDA:6,thresh_sort
FNDA:25,(anonymous_1)
FNDA:23,(anonymous_2)
DA:4,25
DA:7,1
LF:2
LH:2
BRF:0
BRH:0
end_of_record
TN:
SF:js\cloneArray.js
FN:2,cloneArray
FNF:1
FNH:1
FNDA:2,cloneArray
DA:3,2
DA:6,1
LF:2
LH:2
BRF:0
BRH:0
end_of_record
TN:
SF:js\subtract.js
FN:2,subtract
FNF:1
FNH:1
FNDA:1,subtract
DA:3,1
DA:6,1
LF:2
LH:2
BRF:0
BRH:0
end_of_record
TN:
SF:js\sum.js
FN:2,sum
FNF:1
FNH:1
FNDA:1,sum
DA:3,1
DA:6,1
LF:2
LH:2
BRF:0
BRH:0
end_of_record
